Determining if the pthread_create exist failed with the following output:
Change Dir: /home/wilson/swiftarm/server/test/gtest-1.6.0/gtest_build/CMakeFiles/CMakeTmp

Run Build Command:/usr/bin/make "cmTryCompileExec1699309816/fast"
/usr/bin/make -f CMakeFiles/cmTryCompileExec1699309816.dir/build.make CMakeFiles/cmTryCompileExec1699309816.dir/build
make[1]: Entering directory `/home/wilson/swiftarm/server/test/gtest-1.6.0/gtest_build/CMakeFiles/CMakeTmp'
/usr/bin/cmake -E cmake_progress_report /home/wilson/swiftarm/server/test/gtest-1.6.0/gtest_build/CMakeFiles/CMakeTmp/CMakeFiles 1
Building C object CMakeFiles/cmTryCompileExec1699309816.dir/CheckSymbolExists.c.o
/usr/bin/gcc    -o CMakeFiles/cmTryCompileExec1699309816.dir/CheckSymbolExists.c.o   -c /home/wilson/swiftarm/server/test/gtest-1.6.0/gtest_build/CMakeFiles/CMakeTmp/CheckSymbolExists.c
Linking C executable cmTryCompileExec1699309816
/usr/bin/cmake -E cmake_link_script CMakeFiles/cmTryCompileExec1699309816.dir/link.txt --verbose=1
/usr/bin/gcc         CMakeFiles/cmTryCompileExec1699309816.dir/CheckSymbolExists.c.o  -o cmTryCompileExec1699309816 -rdynamic 
CMakeFiles/cmTryCompileExec1699309816.dir/CheckSymbolExists.c.o: In function `main':
CheckSymbolExists.c:(.text+0xa): undefined reference to `pthread_create'
collect2: error: ld returned 1 exit status
make[1]: Leaving directory `/home/wilson/swiftarm/server/test/gtest-1.6.0/gtest_build/CMakeFiles/CMakeTmp'
make[1]: *** [cmTryCompileExec1699309816] Error 1
make: *** [cmTryCompileExec1699309816/fast] Error 2

File /home/wilson/swiftarm/server/test/gtest-1.6.0/gtest_build/CMakeFiles/CMakeTmp/CheckSymbolExists.c:
/* */
#include <pthread.h>

int main(int argc, char** argv)
{
  (void)argv;
#ifndef pthread_create
  return ((int*)(&pthread_create))[argc];
#else
  (void)argc;
  return 0;
#endif
}

Determining if the function pthread_create exists in the pthreads failed with the following output:
Change Dir: /home/wilson/swiftarm/server/test/gtest-1.6.0/gtest_build/CMakeFiles/CMakeTmp

Run Build Command:/usr/bin/make "cmTryCompileExec2702289224/fast"
/usr/bin/make -f CMakeFiles/cmTryCompileExec2702289224.dir/build.make CMakeFiles/cmTryCompileExec2702289224.dir/build
make[1]: Entering directory `/home/wilson/swiftarm/server/test/gtest-1.6.0/gtest_build/CMakeFiles/CMakeTmp'
/usr/bin/cmake -E cmake_progress_report /home/wilson/swiftarm/server/test/gtest-1.6.0/gtest_build/CMakeFiles/CMakeTmp/CMakeFiles 1
Building C object CMakeFiles/cmTryCompileExec2702289224.dir/CheckFunctionExists.c.o
/usr/bin/gcc   -DCHECK_FUNCTION_EXISTS=pthread_create   -o CMakeFiles/cmTryCompileExec2702289224.dir/CheckFunctionExists.c.o   -c /usr/share/cmake-2.8/Modules/CheckFunctionExists.c
Linking C executable cmTryCompileExec2702289224
/usr/bin/cmake -E cmake_link_script CMakeFiles/cmTryCompileExec2702289224.dir/link.txt --verbose=1
/usr/bin/gcc     -DCHECK_FUNCTION_EXISTS=pthread_create    CMakeFiles/cmTryCompileExec2702289224.dir/CheckFunctionExists.c.o  -o cmTryCompileExec2702289224 -rdynamic -lpthreads 
/usr/bin/ld: cannot find -lpthreads
collect2: error: ld returned 1 exit status
make[1]: Leaving directory `/home/wilson/swiftarm/server/test/gtest-1.6.0/gtest_build/CMakeFiles/CMakeTmp'
make[1]: *** [cmTryCompileExec2702289224] Error 1
make: *** [cmTryCompileExec2702289224/fast] Error 2


